0 info it worked if it ends with ok
1 verbose cli [ '/var/lib/openshift/9a28663944374893b9514d56f8e92092/app-root/data//bin/node-openshift',
1 verbose cli   '/var/lib/stickshift/9a28663944374893b9514d56f8e92092/app-root/data/lib/node_modules/npm/bin/npm-cli.js',
1 verbose cli   'install' ]
2 info using npm@1.1.62
3 info using node@v0.6.21
4 verbose node symlink /var/lib/openshift/9a28663944374893b9514d56f8e92092/app-root/data//bin/node-openshift
5 verbose read json /var/lib/stickshift/9a28663944374893b9514d56f8e92092/app-root/data/353492/package.json
6 error install Couldn't read dependencies
7 error Failed to parse json
7 error Unexpected end of input
8 error File: /var/lib/stickshift/9a28663944374893b9514d56f8e92092/app-root/data/353492/package.json
9 error Failed to parse package.json data.
9 error package.json must be actual JSON, not just JavaScript.
9 error
9 error This is not a bug in npm.
9 error Tell the package author to fix their package.json file. JSON.parse
10 error System Linux 2.6.32-279.14.1.el6.x86_64
11 error command "/var/lib/openshift/9a28663944374893b9514d56f8e92092/app-root/data//bin/node-openshift" "/var/lib/stickshift/9a28663944374893b9514d56f8e92092/app-root/data/lib/node_modules/npm/bin/npm-cli.js" "install"
12 error cwd /var/lib/stickshift/9a28663944374893b9514d56f8e92092/app-root/data/353492
13 error node -v v0.6.21
14 error npm -v 1.1.62
15 error file /var/lib/stickshift/9a28663944374893b9514d56f8e92092/app-root/data/353492/package.json
16 error code EJSONPARSE
17 verbose exit [ 1, true ]
